<?xml version="1.0" encoding="UTF-8"?>
<!-- Generated by org.testng.reporters.JUnitReportReporter -->
<testsuite hostname="LAPTOP-PLE3HF27" name="SeleniumProject.Payment" tests="33" failures="0" timestamp="16 May 2022 06:12:54 GMT" time="243.083" errors="0">
  <testcase name="PaymentMethod" time="1.275" classname="SeleniumProject.Payment"/>
  <testcase name="PaymentInnerMethod" time="0.515" classname="SeleniumProject.Payment"/>
  <testcase name="EnterInputFields2" time="13.642" classname="SeleniumProject.Payment"/>
  <testcase name="PaymentInnerMethod" time="0.350" classname="SeleniumProject.Payment"/>
  <testcase name="PaymentMethod" time="7.367" classname="SeleniumProject.Payment"/>
  <testcase name="ClickPayment" time="5.253" classname="SeleniumProject.Payment"/>
  <testcase name="EnterPopupWindow" time="35.264" classname="SeleniumProject.Payment"/>
  <testcase name="verifyMenu" time="6.737" classname="SeleniumProject.Payment"/>
  <testcase name="EnterInputFields" time="6.445" classname="SeleniumProject.Payment"/>
  <testcase name="EnterPopupWindow" time="33.448" classname="SeleniumProject.Payment"/>
  <testcase name="VerifyPopupWindow" time="5.121" classname="SeleniumProject.Payment"/>
  <testcase name="VerifyPayment" time="4.275" classname="SeleniumProject.Payment"/>
  <testcase name="PaymentInnerMethodDetails" time="3.636" classname="SeleniumProject.Payment"/>
  <testcase name="VerifyPayment" time="4.161" classname="SeleniumProject.Payment"/>
  <testcase name="EnterInputFields2" time="10.424" classname="SeleniumProject.Payment"/>
  <testcase name="ClickPayment" time="5.373" classname="SeleniumProject.Payment"/>
  <testcase name="VerifyPayment" time="2.171" classname="SeleniumProject.Payment"/>
  <testcase name="EnterInputFields" time="7.808" classname="SeleniumProject.Payment"/>
  <testcase name="EnterInputFields" time="2.297" classname="SeleniumProject.Payment"/>
  <testcase name="VerifyPopupWindow" time="5.577" classname="SeleniumProject.Payment"/>
  <testcase name="VerifyPopupWindow" time="6.160" classname="SeleniumProject.Payment"/>
  <testcase name="EnterPopupWindow" time="33.696" classname="SeleniumProject.Payment"/>
  <testcase name="verifyMenu" time="0.441" classname="SeleniumProject.Payment"/>
  <testcase name="PaymentInnerMethod" time="0.335" classname="SeleniumProject.Payment"/>
  <testcase name="verifyMenu" time="0.249" classname="SeleniumProject.Payment"/>
  <testcase name="PaymentMethod" time="0.618" classname="SeleniumProject.Payment"/>
  <testcase name="EnterInputFields2" time="11.557" classname="SeleniumProject.Payment"/>
  <testcase name="launchURL" time="5.528" classname="SeleniumProject.Payment"/>
  <testcase name="PaymentInnerMethodDetails" time="0.466" classname="SeleniumProject.Payment"/>
  <testcase name="ClickPayment" time="5.293" classname="SeleniumProject.Payment"/>
  <testcase name="PaymentInnerMethodDetails" time="0.965" classname="SeleniumProject.Payment"/>
  <testcase name="launchURL" time="9.156" classname="SeleniumProject.Payment"/>
  <testcase name="launchURL" time="7.480" classname="SeleniumProject.Payment"/>
</testsuite> <!-- SeleniumProject.Payment -->
